<?xml version="1.0" encoding="UTF-8"?>
<testng-results skipped="0" failed="0" ignored="0" total="5" passed="5">
  <reporter-output>
  </reporter-output>
  <suite name="Default suite" duration-ms="630" started-at="2020-10-27T20:27:33 IST" finished-at="2020-10-27T20:27:34 IST">
    <groups>
      <group name="cucumber">
        <method signature="AbstractTestNGCucumberTests.runScenario(io.cucumber.testng.PickleWrapper, io.cucumber.testng.FeatureWrapper)[pri:0, instance:parallel.RunCucumberTest@cd2dae5]" name="runScenario" class="io.cucumber.testng.AbstractTestNGCucumberTests"/>
      </group> <!-- cucumber -->
    </groups>
    <test name="Default test" duration-ms="630" started-at="2020-10-27T20:27:33 IST" finished-at="2020-10-27T20:27:34 IST">
      <class name="parallel.RunCucumberTest">
        <test-method status="PASS" signature="setUpClass()[pri:0, instance:parallel.RunCucumberTest@cd2dae5]" name="setUpClass" is-config="true" duration-ms="347" started-at="2020-10-27T20:27:33 IST" finished-at="2020-10-27T20:27:33 IST">
          <reporter-output>
          </reporter-output>
        </test-method> <!-- setUpClass -->
        <test-method status="PASS" signature="runScenario(io.cucumber.testng.PickleWrapper, io.cucumber.testng.FeatureWrapper)[pri:0, instance:parallel.RunCucumberTest@cd2dae5]" name="runScenario" duration-ms="195" started-at="2020-10-27T20:27:33 IST" description="Runs Cucumber Scenarios" data-provider="scenarios" finished-at="2020-10-27T20:27:34 IST">
          <params>
            <param index="0">
              <value>
                <![CDATA["Scenario Outline Row 3"]]>
              </value>
            </param>
            <param index="1">
              <value>
                <![CDATA["Scenario Outlines feature file"]]>
              </value>
            </param>
          </params>
          <reporter-output>
          </reporter-output>
        </test-method> <!-- runScenario -->
        <test-method status="PASS" signature="runScenario(io.cucumber.testng.PickleWrapper, io.cucumber.testng.FeatureWrapper)[pri:0, instance:parallel.RunCucumberTest@cd2dae5]" name="runScenario" duration-ms="196" started-at="2020-10-27T20:27:33 IST" description="Runs Cucumber Scenarios" data-provider="scenarios" finished-at="2020-10-27T20:27:34 IST">
          <params>
            <param index="0">
              <value>
                <![CDATA["Scenario Outline Row 2"]]>
              </value>
            </param>
            <param index="1">
              <value>
                <![CDATA["Scenario Outlines feature file"]]>
              </value>
            </param>
          </params>
          <reporter-output>
          </reporter-output>
        </test-method> <!-- runScenario -->
        <test-method status="PASS" signature="runScenario(io.cucumber.testng.PickleWrapper, io.cucumber.testng.FeatureWrapper)[pri:0, instance:parallel.RunCucumberTest@cd2dae5]" name="runScenario" duration-ms="195" started-at="2020-10-27T20:27:33 IST" description="Runs Cucumber Scenarios" data-provider="scenarios" finished-at="2020-10-27T20:27:34 IST">
          <params>
            <param index="0">
              <value>
                <![CDATA["Scenario Outline Row 1"]]>
              </value>
            </param>
            <param index="1">
              <value>
                <![CDATA["Scenario Outlines feature file"]]>
              </value>
            </param>
          </params>
          <reporter-output>
          </reporter-output>
        </test-method> <!-- runScenario -->
        <test-method status="PASS" signature="runScenario(io.cucumber.testng.PickleWrapper, io.cucumber.testng.FeatureWrapper)[pri:0, instance:parallel.RunCucumberTest@cd2dae5]" name="runScenario" duration-ms="194" started-at="2020-10-27T20:27:33 IST" description="Runs Cucumber Scenarios" data-provider="scenarios" finished-at="2020-10-27T20:27:34 IST">
          <params>
            <param index="0">
              <value>
                <![CDATA["Scenario Number One"]]>
              </value>
            </param>
            <param index="1">
              <value>
                <![CDATA["Scenarios feature file"]]>
              </value>
            </param>
          </params>
          <reporter-output>
          </reporter-output>
        </test-method> <!-- runScenario -->
        <test-method status="PASS" signature="runScenario(io.cucumber.testng.PickleWrapper, io.cucumber.testng.FeatureWrapper)[pri:0, instance:parallel.RunCucumberTest@cd2dae5]" name="runScenario" duration-ms="194" started-at="2020-10-27T20:27:33 IST" description="Runs Cucumber Scenarios" data-provider="scenarios" finished-at="2020-10-27T20:27:34 IST">
          <params>
            <param index="0">
              <value>
                <![CDATA["Scenario Number Two"]]>
              </value>
            </param>
            <param index="1">
              <value>
                <![CDATA["Scenarios feature file"]]>
              </value>
            </param>
          </params>
          <reporter-output>
          </reporter-output>
        </test-method> <!-- runScenario -->
        <test-method status="PASS" signature="tearDownClass()[pri:0, instance:parallel.RunCucumberTest@cd2dae5]" name="tearDownClass" is-config="true" duration-ms="5" started-at="2020-10-27T20:27:34 IST" finished-at="2020-10-27T20:27:34 IST">
          <reporter-output>
          </reporter-output>
        </test-method> <!-- tearDownClass -->
      </class> <!-- parallel.RunCucumberTest -->
    </test> <!-- Default test -->
  </suite> <!-- Default suite -->
</testng-results>
